<?xml version="1.0" encoding="UTF-8"?>
<!-- Generated by org.testng.reporters.JUnitXMLReporter -->
<testsuite ignored="0" hostname="leonido-HP-Pavilion-Sleekbook-15-PC" failures="0" tests="5" name="positive_tests" time="3.402" errors="0" timestamp="2021-08-07T17:14:13 IDT">
  <testcase classname="positive_tests.TestEndpoint1" name="check_query_for_all_documents_is_responded_correctly" time="2.969"/>
  <testcase classname="positive_tests.TestEndpoint2" name="check_query_for_single_document_is_responded_correctly" time="0.33"/>
  <testcase classname="positive_tests.TestEndpoint1" name="check_array_of_documents_is_returned" time="0.018"/>
  <testcase classname="positive_tests.TestEndpoint2" name="check_response_contains_only_one_document" time="0.003"/>
  <testcase classname="positive_tests.TestEndpoint2" name="check_document_keys_and_values_are_correct" time="0.002"/>
</testsuite> <!-- positive_tests -->
