<?xml version="1.0" encoding="UTF-8"?>
<testng-results ignored="0" total="5" passed="5" failed="0" skipped="0">
  <reporter-output>
  </reporter-output>
  <suite started-at="2021-08-07T17:14:40 IDT" name="Endpoint 2" finished-at="2021-08-07T17:14:43 IDT" duration-ms="3430">
    <groups>
    </groups>
    <test started-at="2021-08-07T17:14:40 IDT" name="Single_documents" finished-at="2021-08-07T17:14:43 IDT" duration-ms="3430">
      <class name="positive_tests.TestEndpoint2">
        <test-method signature="check_query_for_single_document_is_responded_correctly(java.lang.String,int)[pri:0, instance:positive_tests.TestEndpoint2@2805c96b]" started-at="2021-08-07T17:14:40 IDT" name="check_query_for_single_document_is_responded_correctly" description="Gets only one document by predefined ID and verifies status code and content-type" finished-at="2021-08-07T17:14:43 IDT" duration-ms="2974" status="PASS">
          <params>
            <param index="0">
              <value>
                <![CDATA[https://jsonplaceholder.typicode.com/posts]]>
              </value>
            </param>
            <param index="1">
              <value>
                <![CDATA[1]]>
              </value>
            </param>
          </params>
          <reporter-output>
          </reporter-output>
        </test-method> <!-- check_query_for_single_document_is_responded_correctly -->
        <test-method signature="check_response_contains_only_one_document()[pri:0, instance:positive_tests.TestEndpoint2@2805c96b]" started-at="2021-08-07T17:14:43 IDT" name="check_response_contains_only_one_document" description="Verifies a format for the returned document.Content should be a JSON Object" finished-at="2021-08-07T17:14:43 IDT" depends-on-methods="positive_tests.TestEndpoint2.check_query_for_single_document_is_responded_correctly" duration-ms="12" status="PASS">
          <reporter-output>
          </reporter-output>
        </test-method> <!-- check_response_contains_only_one_document -->
        <test-method signature="check_document_keys_and_values_are_correct()[pri:0, instance:positive_tests.TestEndpoint2@2805c96b]" started-at="2021-08-07T17:14:43 IDT" name="check_document_keys_and_values_are_correct" description="Verifies fields types in the captured document" finished-at="2021-08-07T17:14:43 IDT" depends-on-methods="positive_tests.TestEndpoint2.check_response_contains_only_one_document" duration-ms="2" status="PASS">
          <reporter-output>
          </reporter-output>
        </test-method> <!-- check_document_keys_and_values_are_correct -->
      </class> <!-- positive_tests.TestEndpoint2 -->
      <class name="negative_tests.TestEndpoint2">
        <test-method signature="request_to_non_existing_id_should_be_rejected(java.lang.String,int)[pri:0, instance:negative_tests.TestEndpoint2@12d4bf7e]" started-at="2021-08-07T17:14:40 IDT" name="request_to_non_existing_id_should_be_rejected" description="A GET request to a non-existing ID should be rejected with 404" finished-at="2021-08-07T17:14:43 IDT" duration-ms="3023" status="PASS">
          <params>
            <param index="0">
              <value>
                <![CDATA[https://jsonplaceholder.typicode.com/posts]]>
              </value>
            </param>
            <param index="1">
              <value>
                <![CDATA[500]]>
              </value>
            </param>
          </params>
          <reporter-output>
          </reporter-output>
        </test-method> <!-- request_to_non_existing_id_should_be_rejected -->
        <test-method signature="request_to_non_numeric_id_should_be_rejected(java.lang.String)[pri:0, instance:negative_tests.TestEndpoint2@12d4bf7e]" started-at="2021-08-07T17:14:43 IDT" name="request_to_non_numeric_id_should_be_rejected" description="A GET request to a non-numeric ID should be rejected with 404" finished-at="2021-08-07T17:14:43 IDT" duration-ms="319" status="PASS">
          <params>
            <param index="0">
              <value>
                <![CDATA[https://jsonplaceholder.typicode.com/posts]]>
              </value>
            </param>
          </params>
          <reporter-output>
          </reporter-output>
        </test-method> <!-- request_to_non_numeric_id_should_be_rejected -->
      </class> <!-- negative_tests.TestEndpoint2 -->
    </test> <!-- Single_documents -->
  </suite> <!-- Endpoint 2 -->
</testng-results>
