<?xml version="1.0" encoding="UTF-8"?>
<!-- Generated by org.testng.reporters.JUnitXMLReporter -->
<testsuite ignored="0" hostname="leonido-HP-Pavilion-Sleekbook-15-PC" failures="0" tests="5" name="Single_documents" time="3.43" errors="0" timestamp="2021-08-07T17:14:43 IDT">
  <testcase classname="positive_tests.TestEndpoint2" name="check_query_for_single_document_is_responded_correctly" time="2.974"/>
  <testcase classname="positive_tests.TestEndpoint2" name="check_response_contains_only_one_document" time="0.012"/>
  <testcase classname="positive_tests.TestEndpoint2" name="check_document_keys_and_values_are_correct" time="0.002"/>
  <testcase classname="negative_tests.TestEndpoint2" name="request_to_non_existing_id_should_be_rejected" time="3.023"/>
  <testcase classname="negative_tests.TestEndpoint2" name="request_to_non_numeric_id_should_be_rejected" time="0.319"/>
</testsuite> <!-- Single_documents -->
